<?xml version="1.0" encoding="UTF-8"?>
<testng-results ignored="0" total="2" passed="2" failed="0" skipped="0">
  <reporter-output>
  </reporter-output>
  <suite started-at="2026-06-18T12:03:03 IST" name="Surefire suite" finished-at="2026-06-18T12:03:04 IST" duration-ms="135">
    <groups>
    </groups>
    <test started-at="2026-06-18T12:03:03 IST" name="Surefire test" finished-at="2026-06-18T12:03:04 IST" duration-ms="135">
      <class name="api_nov25.coforge_jenkins_jan26.MobileTest">
        <test-method signature="login()[pri:0, instance:api_nov25.coforge_jenkins_jan26.MobileTest@47987356]" started-at="2026-06-18T12:03:04 IST" name="login" finished-at="2026-06-18T12:03:04 IST" duration-ms="2" status="PASS">
          <reporter-output>
          </reporter-output>
        </test-method> <!-- login -->
      </class> <!-- api_nov25.coforge_jenkins_jan26.MobileTest -->
      <class name="api_nov25.coforge_jenkins_jan26.LoginTest">
        <test-method signature="login()[pri:0, instance:api_nov25.coforge_jenkins_jan26.LoginTest@4229bb3f]" started-at="2026-06-18T12:03:03 IST" name="login" finished-at="2026-06-18T12:03:04 IST" duration-ms="50" status="PASS">
          <reporter-output>
          </reporter-output>
        </test-method> <!-- login -->
      </class> <!-- api_nov25.coforge_jenkins_jan26.LoginTest -->
    </test> <!-- Surefire test -->
  </suite> <!-- Surefire suite -->
</testng-results>
