<?xml version="1.0" encoding="UTF-8"?>
<testng-results ignored="0" total="1" passed="1" failed="0" skipped="0">
  <reporter-output>
  </reporter-output>
  <suite started-at="2026-02-02T16:11:05 IST" name="Default suite" finished-at="2026-02-02T16:11:06 IST" duration-ms="413">
    <groups>
    </groups>
    <test started-at="2026-02-02T16:11:05 IST" name="Default test" finished-at="2026-02-02T16:11:06 IST" duration-ms="413">
      <class name="api_nov25.coforge_jenkins_jan26.AllureTest">
        <test-method signature="validLoginTest()[pri:0, instance:api_nov25.coforge_jenkins_jan26.AllureTest@536f2a7e]" started-at="2026-02-02T16:11:05 IST" name="validLoginTest" finished-at="2026-02-02T16:11:06 IST" duration-ms="245" status="PASS">
          <reporter-output>
          </reporter-output>
        </test-method> <!-- validLoginTest -->
      </class> <!-- api_nov25.coforge_jenkins_jan26.AllureTest -->
    </test> <!-- Default test -->
  </suite> <!-- Default suite -->
</testng-results>
